# JRE version: OpenJDK Runtime Environment (8.0_152-b01) (build 1.8.0_152-release-915-b01)
# Java VM: OpenJDK 64-Bit Server VM (25.152-b01 mixed mode windows-amd64 compressed oops)
Heap:
 PSYoungGen      total 467968K, used 196949K [0x00000000e0000000, 0x00000000ffc80000, 0x0000000100000000)
  eden space 431616K, 37% used [0x00000000e0000000,0x00000000e9cd8308,0x00000000fa580000)
  from space 36352K, 99% used [0x00000000fb900000,0x00000000fdc7d4c0,0x00000000fdc80000)
  to   space 32768K, 0% used [0x00000000fdc80000,0x00000000fdc80000,0x00000000ffc80000)
 ParOldGen       total 119296K, used 56751K [0x00000000a0000000, 0x00000000a7480000, 0x00000000e0000000)
  object space 119296K, 47% used [0x00000000a0000000,0x00000000a376bc18,0x00000000a7480000)
 Metaspace       used 85050K, capacity 91028K, committed 91224K, reserved 1128448K
  class space    used 10933K, capacity 12326K, committed 12416K, reserved 1048576K
GC Heap History (10 events):
Event: 1135.044 GC heap before
{Heap before GC invocations=12 (full 3):
 PSYoungGen      total 407552K, used 387584K [0x00000000e0000000, 0x00000000fba80000, 0x0000000100000000)
  eden space 387584K, 100% used [0x00000000e0000000,0x00000000f7a80000,0x00000000f7a80000)
  from space 19968K, 0% used [0x00000000f9780000,0x00000000f9780000,0x00000000fab00000)
  to   space 29696K, 0% used [0x00000000f7a80000,0x00000000f7a80000,0x00000000f9780000)
 ParOldGen       total 119296K, used 47494K [0x00000000a0000000, 0x00000000a7480000, 0x00000000e0000000)
  object space 119296K, 39% used [0x00000000a0000000,0x00000000a2e61a30,0x00000000a7480000)
 Metaspace       used 66207K, capacity 69404K, committed 69720K, reserved 1110016K
  class space    used 8721K, capacity 9521K, committed 9600K, reserved 1048576K
Event: 1135.071 GC heap after
Heap after GC invocations=12 (full 3):
 PSYoungGen      total 417280K, used 16250K [0x00000000e0000000, 0x0000000100000000, 0x0000000100000000)
  eden space 387584K, 0% used [0x00000000e0000000,0x00000000e0000000,0x00000000f7a80000)
  from space 29696K, 54% used [0x00000000f7a80000,0x00000000f8a5eb10,0x00000000f9780000)
  to   space 29184K, 0% used [0x00000000fe380000,0x00000000fe380000,0x0000000100000000)
 ParOldGen       total 119296K, used 47502K [0x00000000a0000000, 0x00000000a7480000, 0x00000000e0000000)
  object space 119296K, 39% used [0x00000000a0000000,0x00000000a2e63a30,0x00000000a7480000)
 Metaspace       used 66207K, capacity 69404K, committed 69720K, reserved 1110016K
  class space    used 8721K, capacity 9521K, committed 9600K, reserved 1048576K
}
Event: 2586.421 GC heap before
{Heap before GC invocations=13 (full 3):
 PSYoungGen      total 417280K, used 403834K [0x00000000e0000000, 0x0000000100000000, 0x0000000100000000)
  eden space 387584K, 100% used [0x00000000e0000000,0x00000000f7a80000,0x00000000f7a80000)
  from space 29696K, 54% used [0x00000000f7a80000,0x00000000f8a5eb10,0x00000000f9780000)
  to   space 29184K, 0% used [0x00000000fe380000,0x00000000fe380000,0x0000000100000000)
 ParOldGen       total 119296K, used 47502K [0x00000000a0000000, 0x00000000a7480000, 0x00000000e0000000)
  object space 119296K, 39% used [0x00000000a0000000,0x00000000a2e63a30,0x00000000a7480000)
 Metaspace       used 68512K, capacity 72214K, committed 72280K, reserved 1112064K
  class space    used 8914K, capacity 9800K, committed 9856K, reserved 1048576K
Event: 2586.471 GC heap after
Heap after GC invocations=13 (full 3):
 PSYoungGen      total 494080K, used 16636K [0x00000000e0000000, 0x00000000fff80000, 0x0000000100000000)
  eden space 465408K, 0% used [0x00000000e0000000,0x00000000e0000000,0x00000000fc680000)
  from space 28672K, 58% used [0x00000000fe380000,0x00000000ff3bf080,0x00000000fff80000)
  to   space 29184K, 0% used [0x00000000fc680000,0x00000000fc680000,0x00000000fe300000)
 ParOldGen       total 119296K, used 47510K [0x00000000a0000000, 0x00000000a7480000, 0x00000000e0000000)
  object space 119296K, 39% used [0x00000000a0000000,0x00000000a2e65a30,0x00000000a7480000)
 Metaspace       used 68512K, capacity 72214K, committed 72280K, reserved 1112064K
  class space    used 8914K, capacity 9800K, committed 9856K, reserved 1048576K
}
Event: 2791.968 GC heap before
{Heap before GC invocations=14 (full 3):
 PSYoungGen      total 494080K, used 482044K [0x00000000e0000000, 0x00000000fff80000, 0x0000000100000000)
  eden space 465408K, 100% used [0x00000000e0000000,0x00000000fc680000,0x00000000fc680000)
  from space 28672K, 58% used [0x00000000fe380000,0x00000000ff3bf080,0x00000000fff80000)
  to   space 29184K, 0% used [0x00000000fc680000,0x00000000fc680000,0x00000000fe300000)
 ParOldGen       total 119296K, used 47510K [0x00000000a0000000, 0x00000000a7480000, 0x00000000e0000000)
  object space 119296K, 39% used [0x00000000a0000000,0x00000000a2e65a30,0x00000000a7480000)
 Metaspace       used 79901K, capacity 84858K, committed 85080K, reserved 1122304K
  class space    used 10330K, capacity 11537K, committed 11648K, reserved 1048576K
Event: 2792.030 GC heap after
Heap after GC invocations=14 (full 3):
 PSYoungGen      total 489984K, used 24157K [0x00000000e0000000, 0x0000000100000000, 0x0000000100000000)
  eden space 465408K, 0% used [0x00000000e0000000,0x00000000e0000000,0x00000000fc680000)
  from space 24576K, 98% used [0x00000000fc680000,0x00000000fde17538,0x00000000fde80000)
  to   space 31232K, 0% used [0x00000000fe180000,0x00000000fe180000,0x0000000100000000)
 ParOldGen       total 119296K, used 47774K [0x00000000a0000000, 0x00000000a7480000, 0x00000000e0000000)
  object space 119296K, 40% used [0x00000000a0000000,0x00000000a2ea7a48,0x00000000a7480000)
 Metaspace       used 79901K, capacity 84858K, committed 85080K, reserved 1122304K
  class space    used 10330K, capacity 11537K, committed 11648K, reserved 1048576K
}
Event: 2802.386 GC heap before
{Heap before GC invocations=15 (full 3):
 PSYoungGen      total 489984K, used 489411K [0x00000000e0000000, 0x0000000100000000, 0x0000000100000000)
  eden space 465408K, 99% used [0x00000000e0000000,0x00000000fc659840,0x00000000fc680000)
  from space 24576K, 98% used [0x00000000fc680000,0x00000000fde17538,0x00000000fde80000)
  to   space 31232K, 0% used [0x00000000fe180000,0x00000000fe180000,0x0000000100000000)
 ParOldGen       total 119296K, used 47774K [0x00000000a0000000, 0x00000000a7480000, 0x00000000e0000000)
  object space 119296K, 40% used [0x00000000a0000000,0x00000000a2ea7a48,0x00000000a7480000)
 Metaspace       used 82123K, capacity 87672K, committed 87768K, reserved 1124352K
  class space    used 10633K, capacity 11948K, committed 12032K, reserved 1048576K
Event: 2802.446 GC heap after
Heap after GC invocations=15 (full 3):
 PSYoungGen      total 482816K, used 31213K [0x00000000e0000000, 0x0000000100000000, 0x0000000100000000)
  eden space 451584K, 0% used [0x00000000e0000000,0x00000000e0000000,0x00000000fb900000)
  from space 31232K, 99% used [0x00000000fe180000,0x00000000ffffb400,0x0000000100000000)
  to   space 36352K, 0% used [0x00000000fb900000,0x00000000fb900000,0x00000000fdc80000)
 ParOldGen       total 119296K, used 49160K [0x00000000a0000000, 0x00000000a7480000, 0x00000000e0000000)
  object space 119296K, 41% used [0x00000000a0000000,0x00000000a30022f8,0x00000000a7480000)
 Metaspace       used 82123K, capacity 87672K, committed 87768K, reserved 1124352K
  class space    used 10633K, capacity 11948K, committed 12032K, reserved 1048576K
}
Event: 3982.147 GC heap before
{Heap before GC invocations=16 (full 3):
 PSYoungGen      total 482816K, used 482797K [0x00000000e0000000, 0x0000000100000000, 0x0000000100000000)
  eden space 451584K, 100% used [0x00000000e0000000,0x00000000fb900000,0x00000000fb900000)
  from space 31232K, 99% used [0x00000000fe180000,0x00000000ffffb400,0x0000000100000000)
  to   space 36352K, 0% used [0x00000000fb900000,0x00000000fb900000,0x00000000fdc80000)
 ParOldGen       total 119296K, used 49160K [0x00000000a0000000, 0x00000000a7480000, 0x00000000e0000000)
  object space 119296K, 41% used [0x00000000a0000000,0x00000000a30022f8,0x00000000a7480000)
 Metaspace       used 84967K, capacity 90884K, committed 91224K, reserved 1128448K
  class space    used 10930K, capacity 12320K, committed 12416K, reserved 1048576K
Event: 3982.220 GC heap after
Heap after GC invocations=16 (full 3):
 PSYoungGen      total 467968K, used 36341K [0x00000000e0000000, 0x00000000ffc80000, 0x0000000100000000)
  eden space 431616K, 0% used [0x00000000e0000000,0x00000000e0000000,0x00000000fa580000)
  from space 36352K, 99% used [0x00000000fb900000,0x00000000fdc7d4c0,0x00000000fdc80000)
  to   space 32768K, 0% used [0x00000000fdc80000,0x00000000fdc80000,0x00000000ffc80000)
 ParOldGen       total 119296K, used 56751K [0x00000000a0000000, 0x00000000a7480000, 0x00000000e0000000)
  object space 119296K, 47% used [0x00000000a0000000,0x00000000a376bc18,0x00000000a7480000)
 Metaspace       used 84967K, capacity 90884K, committed 91224K, reserved 1128448K
  class space    used 10930K, capacity 12320K, committed 12416K, reserved 1048576K
}

