# JRE version: OpenJDK Runtime Environment (8.0_152-b01) (build 1.8.0_152-release-915-b01)
# Java VM: OpenJDK 64-Bit Server VM (25.152-b01 mixed mode windows-amd64 compressed oops)
Heap:
 PSYoungGen      total 372224K, used 40039K [0x00000000e0000000, 0x00000000fab00000, 0x0000000100000000)
  eden space 327168K, 10% used [0x00000000e0000000,0x00000000e22d9f68,0x00000000f3f80000)
  from space 45056K, 9% used [0x00000000f3f80000,0x00000000f43bff00,0x00000000f6b80000)
  to   space 44032K, 0% used [0x00000000f8000000,0x00000000f8000000,0x00000000fab00000)
 ParOldGen       total 239104K, used 86374K [0x00000000a0000000, 0x00000000ae980000, 0x00000000e0000000)
  object space 239104K, 36% used [0x00000000a0000000,0x00000000a5459a60,0x00000000ae980000)
 Metaspace       used 83804K, capacity 89208K, committed 90584K, reserved 1128448K
  class space    used 10402K, capacity 11641K, committed 12032K, reserved 1048576K
GC Heap History (10 events):
Event: 3828.655 GC heap before
{Heap before GC invocations=31 (full 3):
 PSYoungGen      total 323072K, used 304729K [0x00000000e0000000, 0x00000000f6f80000, 0x0000000100000000)
  eden space 293376K, 100% used [0x00000000e0000000,0x00000000f1e80000,0x00000000f1e80000)
  from space 29696K, 38% used [0x00000000f1e80000,0x00000000f29964a0,0x00000000f3b80000)
  to   space 28672K, 0% used [0x00000000f5380000,0x00000000f5380000,0x00000000f6f80000)
 ParOldGen       total 135168K, used 109119K [0x00000000a0000000, 0x00000000a8400000, 0x00000000e0000000)
  object space 135168K, 80% used [0x00000000a0000000,0x00000000a6a8fd30,0x00000000a8400000)
 Metaspace       used 84322K, capacity 89796K, committed 90072K, reserved 1128448K
  class space    used 10636K, capacity 11915K, committed 12032K, reserved 1048576K
Event: 3828.687 GC heap after
Heap after GC invocations=31 (full 3):
 PSYoungGen      total 330752K, used 28661K [0x00000000e0000000, 0x00000000f9400000, 0x0000000100000000)
  eden space 302080K, 0% used [0x00000000e0000000,0x00000000e0000000,0x00000000f2700000)
  from space 28672K, 99% used [0x00000000f5380000,0x00000000f6f7d6d8,0x00000000f6f80000)
  to   space 45568K, 0% used [0x00000000f2700000,0x00000000f2700000,0x00000000f5380000)
 ParOldGen       total 143872K, used 143701K [0x00000000a0000000, 0x00000000a8c80000, 0x00000000e0000000)
  object space 143872K, 99% used [0x00000000a0000000,0x00000000a8c55580,0x00000000a8c80000)
 Metaspace       used 84322K, capacity 89796K, committed 90072K, reserved 1128448K
  class space    used 10636K, capacity 11915K, committed 12032K, reserved 1048576K
}
Event: 3828.687 GC heap before
{Heap before GC invocations=32 (full 4):
 PSYoungGen      total 330752K, used 28661K [0x00000000e0000000, 0x00000000f9400000, 0x0000000100000000)
  eden space 302080K, 0% used [0x00000000e0000000,0x00000000e0000000,0x00000000f2700000)
  from space 28672K, 99% used [0x00000000f5380000,0x00000000f6f7d6d8,0x00000000f6f80000)
  to   space 45568K, 0% used [0x00000000f2700000,0x00000000f2700000,0x00000000f5380000)
 ParOldGen       total 143872K, used 143701K [0x00000000a0000000, 0x00000000a8c80000, 0x00000000e0000000)
  object space 143872K, 99% used [0x00000000a0000000,0x00000000a8c55580,0x00000000a8c80000)
 Metaspace       used 84322K, capacity 89796K, committed 90072K, reserved 1128448K
  class space    used 10636K, capacity 11915K, committed 12032K, reserved 1048576K
Event: 3828.972 GC heap after
Heap after GC invocations=32 (full 4):
 PSYoungGen      total 330752K, used 0K [0x00000000e0000000, 0x00000000f9400000, 0x0000000100000000)
  eden space 302080K, 0% used [0x00000000e0000000,0x00000000e0000000,0x00000000f2700000)
  from space 28672K, 0% used [0x00000000f5380000,0x00000000f5380000,0x00000000f6f80000)
  to   space 45568K, 0% used [0x00000000f2700000,0x00000000f2700000,0x00000000f5380000)
 ParOldGen       total 239104K, used 86358K [0x00000000a0000000, 0x00000000ae980000, 0x00000000e0000000)
  object space 239104K, 36% used [0x00000000a0000000,0x00000000a5455a60,0x00000000ae980000)
 Metaspace       used 82685K, capacity 87238K, committed 90072K, reserved 1128448K
  class space    used 10262K, capacity 11324K, committed 12032K, reserved 1048576K
}
Event: 3833.874 GC heap before
{Heap before GC invocations=33 (full 4):
 PSYoungGen      total 330752K, used 301487K [0x00000000e0000000, 0x00000000f9400000, 0x0000000100000000)
  eden space 302080K, 99% used [0x00000000e0000000,0x00000000f266bf28,0x00000000f2700000)
  from space 28672K, 0% used [0x00000000f5380000,0x00000000f5380000,0x00000000f6f80000)
  to   space 45568K, 0% used [0x00000000f2700000,0x00000000f2700000,0x00000000f5380000)
 ParOldGen       total 239104K, used 86358K [0x00000000a0000000, 0x00000000ae980000, 0x00000000e0000000)
  object space 239104K, 36% used [0x00000000a0000000,0x00000000a5455a60,0x00000000ae980000)
 Metaspace       used 82749K, capacity 87318K, committed 90072K, reserved 1128448K
  class space    used 10265K, capacity 11326K, committed 12032K, reserved 1048576K
Event: 3833.880 GC heap after
Heap after GC invocations=33 (full 4):
 PSYoungGen      total 347648K, used 5424K [0x00000000e0000000, 0x00000000f9d00000, 0x0000000100000000)
  eden space 302080K, 0% used [0x00000000e0000000,0x00000000e0000000,0x00000000f2700000)
  from space 45568K, 11% used [0x00000000f2700000,0x00000000f2c4c038,0x00000000f5380000)
  to   space 45056K, 0% used [0x00000000f7100000,0x00000000f7100000,0x00000000f9d00000)
 ParOldGen       total 239104K, used 86366K [0x00000000a0000000, 0x00000000ae980000, 0x00000000e0000000)
  object space 239104K, 36% used [0x00000000a0000000,0x00000000a5457a60,0x00000000ae980000)
 Metaspace       used 82749K, capacity 87318K, committed 90072K, reserved 1128448K
  class space    used 10265K, capacity 11326K, committed 12032K, reserved 1048576K
}
Event: 3870.096 GC heap before
{Heap before GC invocations=34 (full 4):
 PSYoungGen      total 347648K, used 307504K [0x00000000e0000000, 0x00000000f9d00000, 0x0000000100000000)
  eden space 302080K, 100% used [0x00000000e0000000,0x00000000f2700000,0x00000000f2700000)
  from space 45568K, 11% used [0x00000000f2700000,0x00000000f2c4c038,0x00000000f5380000)
  to   space 45056K, 0% used [0x00000000f7100000,0x00000000f7100000,0x00000000f9d00000)
 ParOldGen       total 239104K, used 86366K [0x00000000a0000000, 0x00000000ae980000, 0x00000000e0000000)
  object space 239104K, 36% used [0x00000000a0000000,0x00000000a5457a60,0x00000000ae980000)
 Metaspace       used 82806K, capacity 87444K, committed 90072K, reserved 1128448K
  class space    used 10276K, capacity 11367K, committed 12032K, reserved 1048576K
Event: 3870.115 GC heap after
Heap after GC invocations=34 (full 4):
 PSYoungGen      total 366592K, used 2016K [0x00000000e0000000, 0x00000000f9780000, 0x0000000100000000)
  eden space 327168K, 0% used [0x00000000e0000000,0x00000000e0000000,0x00000000f3f80000)
  from space 39424K, 5% used [0x00000000f7100000,0x00000000f72f8030,0x00000000f9780000)
  to   space 45056K, 0% used [0x00000000f3f80000,0x00000000f3f80000,0x00000000f6b80000)
 ParOldGen       total 239104K, used 86366K [0x00000000a0000000, 0x00000000ae980000, 0x00000000e0000000)
  object space 239104K, 36% used [0x00000000a0000000,0x00000000a5457a60,0x00000000ae980000)
 Metaspace       used 82806K, capacity 87444K, committed 90072K, reserved 1128448K
  class space    used 10276K, capacity 11367K, committed 12032K, reserved 1048576K
}
Event: 4009.179 GC heap before
{Heap before GC invocations=35 (full 4):
 PSYoungGen      total 366592K, used 329184K [0x00000000e0000000, 0x00000000f9780000, 0x0000000100000000)
  eden space 327168K, 100% used [0x00000000e0000000,0x00000000f3f80000,0x00000000f3f80000)
  from space 39424K, 5% used [0x00000000f7100000,0x00000000f72f8030,0x00000000f9780000)
  to   space 45056K, 0% used [0x00000000f3f80000,0x00000000f3f80000,0x00000000f6b80000)
 ParOldGen       total 239104K, used 86366K [0x00000000a0000000, 0x00000000ae980000, 0x00000000e0000000)
  object space 239104K, 36% used [0x00000000a0000000,0x00000000a5457a60,0x00000000ae980000)
 Metaspace       used 83715K, capacity 89090K, committed 90584K, reserved 1128448K
  class space    used 10391K, capacity 11632K, committed 12032K, reserved 1048576K
Event: 4009.185 GC heap after
Heap after GC invocations=35 (full 4):
 PSYoungGen      total 372224K, used 4351K [0x00000000e0000000, 0x00000000fab00000, 0x0000000100000000)
  eden space 327168K, 0% used [0x00000000e0000000,0x00000000e0000000,0x00000000f3f80000)
  from space 45056K, 9% used [0x00000000f3f80000,0x00000000f43bff00,0x00000000f6b80000)
  to   space 44032K, 0% used [0x00000000f8000000,0x00000000f8000000,0x00000000fab00000)
 ParOldGen       total 239104K, used 86374K [0x00000000a0000000, 0x00000000ae980000, 0x00000000e0000000)
  object space 239104K, 36% used [0x00000000a0000000,0x00000000a5459a60,0x00000000ae980000)
 Metaspace       used 83715K, capacity 89090K, committed 90584K, reserved 1128448K
  class space    used 10391K, capacity 11632K, committed 12032K, reserved 1048576K
}

